<?xml version="1.0" encoding="UTF-8"?>
<!-- Generated by org.testng.reporters.JUnitXMLReporter -->
<testsuite hostname="WINDOWS-5FHOE7R" name="EmailSubscriptionTest_Chrome" tests="2" failures="0" timestamp="8 May 2016 21:48:07 GMT" time="17.702" errors="0">
  <testcase name="testEmailSubscription" time="10.117" classname="com.selenium.hybrid.testcases.EmailSubscriptionTest"/>
  <testcase name="testEmailSubscription" time="3.137" classname="com.selenium.hybrid.testcases.EmailSubscriptionTest"/>
</testsuite> <!-- EmailSubscriptionTest_Chrome -->
