<?xml version="1.0" encoding="UTF-8"?>
<!-- Generated by org.testng.reporters.JUnitXMLReporter -->
<testsuite hostname="WINDOWS-5FHOE7R" name="EmailSubscriptionTest_Mozilla" tests="2" failures="0" timestamp="8 May 2016 21:48:08 GMT" time="18.873" errors="0">
  <testcase name="testEmailSubscription" time="3.392" classname="com.selenium.hybrid.testcases.EmailSubscriptionTest"/>
  <testcase name="testEmailSubscription" time="3.01" classname="com.selenium.hybrid.testcases.EmailSubscriptionTest"/>
</testsuite> <!-- EmailSubscriptionTest_Mozilla -->
