<?xml version="1.0" encoding="UTF-8"?>
<!-- Generated by org.testng.reporters.JUnitXMLReporter -->
<testsuite hostname="WINDOWS-5FHOE7R" name="EmailSubscriptionTest_IE" tests="2" failures="0" timestamp="8 May 2016 21:51:56 GMT" time="247.032" errors="0">
  <testcase name="testEmailSubscription" time="134.534" classname="com.selenium.hybrid.testcases.EmailSubscriptionTest"/>
  <testcase name="testEmailSubscription" time="107.557" classname="com.selenium.hybrid.testcases.EmailSubscriptionTest"/>
</testsuite> <!-- EmailSubscriptionTest_IE -->
